# JRE version: Java(TM) SE Runtime Environment (7.0_71-b14) (build 1.7.0_71-b14)
# Java VM: Java HotSpot(TM) Client VM (24.71-b01 mixed mode windows-x86 )
Heap
 def new generation   total 4928K, used 1581K [0x04200000, 0x04750000, 0x09750000)
  eden space 4416K,  24% used [0x04200000, 0x0430b4e8, 0x04650000)
  from space 512K, 100% used [0x046d0000, 0x04750000, 0x04750000)
  to   space 512K,   0% used [0x04650000, 0x04650000, 0x046d0000)
 tenured generation   total 10944K, used 2467K [0x09750000, 0x0a200000, 0x14200000)
   the space 10944K,  22% used [0x09750000, 0x099b8e68, 0x099b9000, 0x0a200000)
 compacting perm gen  total 12288K, used 4714K [0x14200000, 0x14e00000, 0x18200000)
   the space 12288K,  38% used [0x14200000, 0x1469ab50, 0x1469ac00, 0x14e00000)
GC Heap History (6 events):
Event: 0.729 GC heap before
{Heap before GC invocations=0 (full 0):
 def new generation   total 4928K, used 4416K [0x04200000, 0x04750000, 0x09750000)
  eden space 4416K, 100% used [0x04200000, 0x04650000, 0x04650000)
  from space 512K,   0% used [0x04650000, 0x04650000, 0x046d0000)
  to   space 512K,   0% used [0x046d0000, 0x046d0000, 0x04750000)
 tenured generation   total 10944K, used 0K [0x09750000, 0x0a200000, 0x14200000)
   the space 10944K,   0% used [0x09750000, 0x09750000, 0x09750200, 0x0a200000)
 compacting perm gen  total 12288K, used 2927K [0x14200000, 0x14e00000, 0x18200000)
   the space 12288K,  23% used [0x14200000, 0x144dbe50, 0x144dc000, 0x14e00000)
No shared spaces configured.
Event: 0.737 GC heap after
Heap after GC invocations=1 (full 0):
 def new generation   total 4928K, used 512K [0x04200000, 0x04750000, 0x09750000)
  eden space 4416K,   0% used [0x04200000, 0x04200000, 0x04650000)
  from space 512K, 100% used [0x046d0000, 0x04750000, 0x04750000)
  to   space 512K,   0% used [0x04650000, 0x04650000, 0x046d0000)
 tenured generation   total 10944K, used 560K [0x09750000, 0x0a200000, 0x14200000)
   the space 10944K,   5% used [0x09750000, 0x097dc328, 0x097dc400, 0x0a200000)
 compacting perm gen  total 12288K, used 2927K [0x14200000, 0x14e00000, 0x18200000)
   the space 12288K,  23% used [0x14200000, 0x144dbe50, 0x144dc000, 0x14e00000)
No shared spaces configured.
}
Event: 1.248 GC heap before
{Heap before GC invocations=1 (full 0):
 def new generation   total 4928K, used 4928K [0x04200000, 0x04750000, 0x09750000)
  eden space 4416K, 100% used [0x04200000, 0x04650000, 0x04650000)
  from space 512K, 100% used [0x046d0000, 0x04750000, 0x04750000)
  to   space 512K,   0% used [0x04650000, 0x04650000, 0x046d0000)
 tenured generation   total 10944K, used 560K [0x09750000, 0x0a200000, 0x14200000)
   the space 10944K,   5% used [0x09750000, 0x097dc328, 0x097dc400, 0x0a200000)
 compacting perm gen  total 12288K, used 4212K [0x14200000, 0x14e00000, 0x18200000)
   the space 12288K,  34% used [0x14200000, 0x1461d1d8, 0x1461d200, 0x14e00000)
No shared spaces configured.
Event: 1.261 GC heap after
Heap after GC invocations=2 (full 0):
 def new generation   total 4928K, used 512K [0x04200000, 0x04750000, 0x09750000)
  eden space 4416K,   0% used [0x04200000, 0x04200000, 0x04650000)
  from space 512K, 100% used [0x04650000, 0x046d0000, 0x046d0000)
  to   space 512K,   0% used [0x046d0000, 0x046d0000, 0x04750000)
 tenured generation   total 10944K, used 1804K [0x09750000, 0x0a200000, 0x14200000)
   the space 10944K,  16% used [0x09750000, 0x099130c8, 0x09913200, 0x0a200000)
 compacting perm gen  total 12288K, used 4212K [0x14200000, 0x14e00000, 0x18200000)
   the space 12288K,  34% used [0x14200000, 0x1461d1d8, 0x1461d200, 0x14e00000)
No shared spaces configured.
}
Event: 1.499 GC heap before
{Heap before GC invocations=2 (full 0):
 def new generation   total 4928K, used 4470K [0x04200000, 0x04750000, 0x09750000)
  eden space 4416K,  89% used [0x04200000, 0x045dd858, 0x04650000)
  from space 512K, 100% used [0x04650000, 0x046d0000, 0x046d0000)
  to   space 512K,   0% used [0x046d0000, 0x046d0000, 0x04750000)
 tenured generation   total 10944K, used 1804K [0x09750000, 0x0a200000, 0x14200000)
   the space 10944K,  16% used [0x09750000, 0x099130c8, 0x09913200, 0x0a200000)
 compacting perm gen  total 12288K, used 4709K [0x14200000, 0x14e00000, 0x18200000)
   the space 12288K,  38% used [0x14200000, 0x14699420, 0x14699600, 0x14e00000)
No shared spaces configured.
Event: 1.507 GC heap after
Heap after GC invocations=3 (full 0):
 def new generation   total 4928K, used 512K [0x04200000, 0x04750000, 0x09750000)
  eden space 4416K,   0% used [0x04200000, 0x04200000, 0x04650000)
  from space 512K, 100% used [0x046d0000, 0x04750000, 0x04750000)
  to   space 512K,   0% used [0x04650000, 0x04650000, 0x046d0000)
 tenured generation   total 10944K, used 2467K [0x09750000, 0x0a200000, 0x14200000)
   the space 10944K,  22% used [0x09750000, 0x099b8e68, 0x099b9000, 0x0a200000)
 compacting perm gen  total 12288K, used 4709K [0x14200000, 0x14e00000, 0x18200000)
   the space 12288K,  38% used [0x14200000, 0x14699420, 0x14699600, 0x14e00000)
No shared spaces configured.
}

