# JRE version: Java(TM) SE Runtime Environment (7.0_71-b14) (build 1.7.0_71-b14)
# Java VM: Java HotSpot(TM) Client VM (24.71-b01 mixed mode windows-x86 )
Heap
 def new generation   total 4928K, used 1584K [0x03e00000, 0x04350000, 0x09350000)
  eden space 4416K,  24% used [0x03e00000, 0x03f0c270, 0x04250000)
  from space 512K, 100% used [0x042d0000, 0x04350000, 0x04350000)
  to   space 512K,   0% used [0x04250000, 0x04250000, 0x042d0000)
 tenured generation   total 10944K, used 2466K [0x09350000, 0x09e00000, 0x13e00000)
   the space 10944K,  22% used [0x09350000, 0x095b8900, 0x095b8a00, 0x09e00000)
 compacting perm gen  total 12288K, used 4637K [0x13e00000, 0x14a00000, 0x17e00000)
   the space 12288K,  37% used [0x13e00000, 0x142876c0, 0x14287800, 0x14a00000)
GC Heap History (6 events):
Event: 1.038 GC heap before
{Heap before GC invocations=0 (full 0):
 def new generation   total 4928K, used 4416K [0x03e00000, 0x04350000, 0x09350000)
  eden space 4416K, 100% used [0x03e00000, 0x04250000, 0x04250000)
  from space 512K,   0% used [0x04250000, 0x04250000, 0x042d0000)
  to   space 512K,   0% used [0x042d0000, 0x042d0000, 0x04350000)
 tenured generation   total 10944K, used 0K [0x09350000, 0x09e00000, 0x13e00000)
   the space 10944K,   0% used [0x09350000, 0x09350000, 0x09350200, 0x09e00000)
 compacting perm gen  total 12288K, used 2884K [0x13e00000, 0x14a00000, 0x17e00000)
   the space 12288K,  23% used [0x13e00000, 0x140d1068, 0x140d1200, 0x14a00000)
No shared spaces configured.
Event: 1.046 GC heap after
Heap after GC invocations=1 (full 0):
 def new generation   total 4928K, used 512K [0x03e00000, 0x04350000, 0x09350000)
  eden space 4416K,   0% used [0x03e00000, 0x03e00000, 0x04250000)
  from space 512K, 100% used [0x042d0000, 0x04350000, 0x04350000)
  to   space 512K,   0% used [0x04250000, 0x04250000, 0x042d0000)
 tenured generation   total 10944K, used 597K [0x09350000, 0x09e00000, 0x13e00000)
   the space 10944K,   5% used [0x09350000, 0x093e54c8, 0x093e5600, 0x09e00000)
 compacting perm gen  total 12288K, used 2884K [0x13e00000, 0x14a00000, 0x17e00000)
   the space 12288K,  23% used [0x13e00000, 0x140d1068, 0x140d1200, 0x14a00000)
No shared spaces configured.
}
Event: 1.591 GC heap before
{Heap before GC invocations=1 (full 0):
 def new generation   total 4928K, used 4928K [0x03e00000, 0x04350000, 0x09350000)
  eden space 4416K, 100% used [0x03e00000, 0x04250000, 0x04250000)
  from space 512K, 100% used [0x042d0000, 0x04350000, 0x04350000)
  to   space 512K,   0% used [0x04250000, 0x04250000, 0x042d0000)
 tenured generation   total 10944K, used 597K [0x09350000, 0x09e00000, 0x13e00000)
   the space 10944K,   5% used [0x09350000, 0x093e54c8, 0x093e5600, 0x09e00000)
 compacting perm gen  total 12288K, used 4142K [0x13e00000, 0x14a00000, 0x17e00000)
   the space 12288K,  33% used [0x13e00000, 0x1420bbb8, 0x1420bc00, 0x14a00000)
No shared spaces configured.
Event: 1.602 GC heap after
Heap after GC invocations=2 (full 0):
 def new generation   total 4928K, used 512K [0x03e00000, 0x04350000, 0x09350000)
  eden space 4416K,   0% used [0x03e00000, 0x03e00000, 0x04250000)
  from space 512K, 100% used [0x04250000, 0x042d0000, 0x042d0000)
  to   space 512K,   0% used [0x042d0000, 0x042d0000, 0x04350000)
 tenured generation   total 10944K, used 1807K [0x09350000, 0x09e00000, 0x13e00000)
   the space 10944K,  16% used [0x09350000, 0x09513d98, 0x09513e00, 0x09e00000)
 compacting perm gen  total 12288K, used 4142K [0x13e00000, 0x14a00000, 0x17e00000)
   the space 12288K,  33% used [0x13e00000, 0x1420bbb8, 0x1420bc00, 0x14a00000)
No shared spaces configured.
}
Event: 1.931 GC heap before
{Heap before GC invocations=2 (full 0):
 def new generation   total 4928K, used 4368K [0x03e00000, 0x04350000, 0x09350000)
  eden space 4416K,  87% used [0x03e00000, 0x041c40f8, 0x04250000)
  from space 512K, 100% used [0x04250000, 0x042d0000, 0x042d0000)
  to   space 512K,   0% used [0x042d0000, 0x042d0000, 0x04350000)
 tenured generation   total 10944K, used 1807K [0x09350000, 0x09e00000, 0x13e00000)
   the space 10944K,  16% used [0x09350000, 0x09513d98, 0x09513e00, 0x09e00000)
 compacting perm gen  total 12288K, used 4631K [0x13e00000, 0x14a00000, 0x17e00000)
   the space 12288K,  37% used [0x13e00000, 0x14285fc0, 0x14286000, 0x14a00000)
No shared spaces configured.
Event: 1.938 GC heap after
Heap after GC invocations=3 (full 0):
 def new generation   total 4928K, used 512K [0x03e00000, 0x04350000, 0x09350000)
  eden space 4416K,   0% used [0x03e00000, 0x03e00000, 0x04250000)
  from space 512K, 100% used [0x042d0000, 0x04350000, 0x04350000)
  to   space 512K,   0% used [0x04250000, 0x04250000, 0x042d0000)
 tenured generation   total 10944K, used 2466K [0x09350000, 0x09e00000, 0x13e00000)
   the space 10944K,  22% used [0x09350000, 0x095b8900, 0x095b8a00, 0x09e00000)
 compacting perm gen  total 12288K, used 4631K [0x13e00000, 0x14a00000, 0x17e00000)
   the space 12288K,  37% used [0x13e00000, 0x14285fc0, 0x14286000, 0x14a00000)
No shared spaces configured.
}

