# JRE version: Java(TM) SE Runtime Environment (7.0_71-b14) (build 1.7.0_71-b14)
# Java VM: Java HotSpot(TM) Client VM (24.71-b01 mixed mode windows-x86 )
Heap
 def new generation   total 4928K, used 1581K [0x03a00000, 0x03f50000, 0x08f50000)
  eden space 4416K,  24% used [0x03a00000, 0x03b0b7f8, 0x03e50000)
  from space 512K, 100% used [0x03ed0000, 0x03f50000, 0x03f50000)
  to   space 512K,   0% used [0x03e50000, 0x03e50000, 0x03ed0000)
 tenured generation   total 10944K, used 2467K [0x08f50000, 0x09a00000, 0x13a00000)
   the space 10944K,  22% used [0x08f50000, 0x091b8e68, 0x091b9000, 0x09a00000)
 compacting perm gen  total 12288K, used 4714K [0x13a00000, 0x14600000, 0x17a00000)
   the space 12288K,  38% used [0x13a00000, 0x13e9ab50, 0x13e9ac00, 0x14600000)
GC Heap History (6 events):
Event: 0.705 GC heap before
{Heap before GC invocations=0 (full 0):
 def new generation   total 4928K, used 4416K [0x03a00000, 0x03f50000, 0x08f50000)
  eden space 4416K, 100% used [0x03a00000, 0x03e50000, 0x03e50000)
  from space 512K,   0% used [0x03e50000, 0x03e50000, 0x03ed0000)
  to   space 512K,   0% used [0x03ed0000, 0x03ed0000, 0x03f50000)
 tenured generation   total 10944K, used 0K [0x08f50000, 0x09a00000, 0x13a00000)
   the space 10944K,   0% used [0x08f50000, 0x08f50000, 0x08f50200, 0x09a00000)
 compacting perm gen  total 12288K, used 2927K [0x13a00000, 0x14600000, 0x17a00000)
   the space 12288K,  23% used [0x13a00000, 0x13cdbe40, 0x13cdc000, 0x14600000)
No shared spaces configured.
Event: 0.712 GC heap after
Heap after GC invocations=1 (full 0):
 def new generation   total 4928K, used 512K [0x03a00000, 0x03f50000, 0x08f50000)
  eden space 4416K,   0% used [0x03a00000, 0x03a00000, 0x03e50000)
  from space 512K, 100% used [0x03ed0000, 0x03f50000, 0x03f50000)
  to   space 512K,   0% used [0x03e50000, 0x03e50000, 0x03ed0000)
 tenured generation   total 10944K, used 560K [0x08f50000, 0x09a00000, 0x13a00000)
   the space 10944K,   5% used [0x08f50000, 0x08fdc328, 0x08fdc400, 0x09a00000)
 compacting perm gen  total 12288K, used 2927K [0x13a00000, 0x14600000, 0x17a00000)
   the space 12288K,  23% used [0x13a00000, 0x13cdbe40, 0x13cdc000, 0x14600000)
No shared spaces configured.
}
Event: 1.215 GC heap before
{Heap before GC invocations=1 (full 0):
 def new generation   total 4928K, used 4928K [0x03a00000, 0x03f50000, 0x08f50000)
  eden space 4416K, 100% used [0x03a00000, 0x03e50000, 0x03e50000)
  from space 512K, 100% used [0x03ed0000, 0x03f50000, 0x03f50000)
  to   space 512K,   0% used [0x03e50000, 0x03e50000, 0x03ed0000)
 tenured generation   total 10944K, used 560K [0x08f50000, 0x09a00000, 0x13a00000)
   the space 10944K,   5% used [0x08f50000, 0x08fdc328, 0x08fdc400, 0x09a00000)
 compacting perm gen  total 12288K, used 4212K [0x13a00000, 0x14600000, 0x17a00000)
   the space 12288K,  34% used [0x13a00000, 0x13e1d1d8, 0x13e1d200, 0x14600000)
No shared spaces configured.
Event: 1.226 GC heap after
Heap after GC invocations=2 (full 0):
 def new generation   total 4928K, used 512K [0x03a00000, 0x03f50000, 0x08f50000)
  eden space 4416K,   0% used [0x03a00000, 0x03a00000, 0x03e50000)
  from space 512K, 100% used [0x03e50000, 0x03ed0000, 0x03ed0000)
  to   space 512K,   0% used [0x03ed0000, 0x03ed0000, 0x03f50000)
 tenured generation   total 10944K, used 1804K [0x08f50000, 0x09a00000, 0x13a00000)
   the space 10944K,  16% used [0x08f50000, 0x091130c8, 0x09113200, 0x09a00000)
 compacting perm gen  total 12288K, used 4212K [0x13a00000, 0x14600000, 0x17a00000)
   the space 12288K,  34% used [0x13a00000, 0x13e1d1d8, 0x13e1d200, 0x14600000)
No shared spaces configured.
}
Event: 1.472 GC heap before
{Heap before GC invocations=2 (full 0):
 def new generation   total 4928K, used 4457K [0x03a00000, 0x03f50000, 0x08f50000)
  eden space 4416K,  89% used [0x03a00000, 0x03dda530, 0x03e50000)
  from space 512K, 100% used [0x03e50000, 0x03ed0000, 0x03ed0000)
  to   space 512K,   0% used [0x03ed0000, 0x03ed0000, 0x03f50000)
 tenured generation   total 10944K, used 1804K [0x08f50000, 0x09a00000, 0x13a00000)
   the space 10944K,  16% used [0x08f50000, 0x091130c8, 0x09113200, 0x09a00000)
 compacting perm gen  total 12288K, used 4709K [0x13a00000, 0x14600000, 0x17a00000)
   the space 12288K,  38% used [0x13a00000, 0x13e99420, 0x13e99600, 0x14600000)
No shared spaces configured.
Event: 1.480 GC heap after
Heap after GC invocations=3 (full 0):
 def new generation   total 4928K, used 512K [0x03a00000, 0x03f50000, 0x08f50000)
  eden space 4416K,   0% used [0x03a00000, 0x03a00000, 0x03e50000)
  from space 512K, 100% used [0x03ed0000, 0x03f50000, 0x03f50000)
  to   space 512K,   0% used [0x03e50000, 0x03e50000, 0x03ed0000)
 tenured generation   total 10944K, used 2467K [0x08f50000, 0x09a00000, 0x13a00000)
   the space 10944K,  22% used [0x08f50000, 0x091b8e68, 0x091b9000, 0x09a00000)
 compacting perm gen  total 12288K, used 4709K [0x13a00000, 0x14600000, 0x17a00000)
   the space 12288K,  38% used [0x13a00000, 0x13e99420, 0x13e99600, 0x14600000)
No shared spaces configured.
}

