# JRE version: Java(TM) SE Runtime Environment (7.0_71-b14) (build 1.7.0_71-b14)
# Java VM: Java HotSpot(TM) Client VM (24.71-b01 mixed mode windows-x86 )
Heap
 def new generation   total 4928K, used 1581K [0x03800000, 0x03d50000, 0x08d50000)
  eden space 4416K,  24% used [0x03800000, 0x0390b538, 0x03c50000)
  from space 512K, 100% used [0x03cd0000, 0x03d50000, 0x03d50000)
  to   space 512K,   0% used [0x03c50000, 0x03c50000, 0x03cd0000)
 tenured generation   total 10944K, used 2467K [0x08d50000, 0x09800000, 0x13800000)
   the space 10944K,  22% used [0x08d50000, 0x08fb8e68, 0x08fb9000, 0x09800000)
 compacting perm gen  total 12288K, used 4714K [0x13800000, 0x14400000, 0x17800000)
   the space 12288K,  38% used [0x13800000, 0x13c9ab50, 0x13c9ac00, 0x14400000)
GC Heap History (6 events):
Event: 0.740 GC heap before
{Heap before GC invocations=0 (full 0):
 def new generation   total 4928K, used 4416K [0x03800000, 0x03d50000, 0x08d50000)
  eden space 4416K, 100% used [0x03800000, 0x03c50000, 0x03c50000)
  from space 512K,   0% used [0x03c50000, 0x03c50000, 0x03cd0000)
  to   space 512K,   0% used [0x03cd0000, 0x03cd0000, 0x03d50000)
 tenured generation   total 10944K, used 0K [0x08d50000, 0x09800000, 0x13800000)
   the space 10944K,   0% used [0x08d50000, 0x08d50000, 0x08d50200, 0x09800000)
 compacting perm gen  total 12288K, used 2927K [0x13800000, 0x14400000, 0x17800000)
   the space 12288K,  23% used [0x13800000, 0x13adbe50, 0x13adc000, 0x14400000)
No shared spaces configured.
Event: 0.747 GC heap after
Heap after GC invocations=1 (full 0):
 def new generation   total 4928K, used 512K [0x03800000, 0x03d50000, 0x08d50000)
  eden space 4416K,   0% used [0x03800000, 0x03800000, 0x03c50000)
  from space 512K, 100% used [0x03cd0000, 0x03d50000, 0x03d50000)
  to   space 512K,   0% used [0x03c50000, 0x03c50000, 0x03cd0000)
 tenured generation   total 10944K, used 560K [0x08d50000, 0x09800000, 0x13800000)
   the space 10944K,   5% used [0x08d50000, 0x08ddc328, 0x08ddc400, 0x09800000)
 compacting perm gen  total 12288K, used 2927K [0x13800000, 0x14400000, 0x17800000)
   the space 12288K,  23% used [0x13800000, 0x13adbe50, 0x13adc000, 0x14400000)
No shared spaces configured.
}
Event: 1.239 GC heap before
{Heap before GC invocations=1 (full 0):
 def new generation   total 4928K, used 4928K [0x03800000, 0x03d50000, 0x08d50000)
  eden space 4416K, 100% used [0x03800000, 0x03c50000, 0x03c50000)
  from space 512K, 100% used [0x03cd0000, 0x03d50000, 0x03d50000)
  to   space 512K,   0% used [0x03c50000, 0x03c50000, 0x03cd0000)
 tenured generation   total 10944K, used 560K [0x08d50000, 0x09800000, 0x13800000)
   the space 10944K,   5% used [0x08d50000, 0x08ddc328, 0x08ddc400, 0x09800000)
 compacting perm gen  total 12288K, used 4212K [0x13800000, 0x14400000, 0x17800000)
   the space 12288K,  34% used [0x13800000, 0x13c1d1d8, 0x13c1d200, 0x14400000)
No shared spaces configured.
Event: 1.251 GC heap after
Heap after GC invocations=2 (full 0):
 def new generation   total 4928K, used 512K [0x03800000, 0x03d50000, 0x08d50000)
  eden space 4416K,   0% used [0x03800000, 0x03800000, 0x03c50000)
  from space 512K, 100% used [0x03c50000, 0x03cd0000, 0x03cd0000)
  to   space 512K,   0% used [0x03cd0000, 0x03cd0000, 0x03d50000)
 tenured generation   total 10944K, used 1803K [0x08d50000, 0x09800000, 0x13800000)
   the space 10944K,  16% used [0x08d50000, 0x08f12ff8, 0x08f13000, 0x09800000)
 compacting perm gen  total 12288K, used 4212K [0x13800000, 0x14400000, 0x17800000)
   the space 12288K,  34% used [0x13800000, 0x13c1d1d8, 0x13c1d200, 0x14400000)
No shared spaces configured.
}
Event: 1.485 GC heap before
{Heap before GC invocations=2 (full 0):
 def new generation   total 4928K, used 4457K [0x03800000, 0x03d50000, 0x08d50000)
  eden space 4416K,  89% used [0x03800000, 0x03bda748, 0x03c50000)
  from space 512K, 100% used [0x03c50000, 0x03cd0000, 0x03cd0000)
  to   space 512K,   0% used [0x03cd0000, 0x03cd0000, 0x03d50000)
 tenured generation   total 10944K, used 1803K [0x08d50000, 0x09800000, 0x13800000)
   the space 10944K,  16% used [0x08d50000, 0x08f12ff8, 0x08f13000, 0x09800000)
 compacting perm gen  total 12288K, used 4709K [0x13800000, 0x14400000, 0x17800000)
   the space 12288K,  38% used [0x13800000, 0x13c99420, 0x13c99600, 0x14400000)
No shared spaces configured.
Event: 1.495 GC heap after
Heap after GC invocations=3 (full 0):
 def new generation   total 4928K, used 512K [0x03800000, 0x03d50000, 0x08d50000)
  eden space 4416K,   0% used [0x03800000, 0x03800000, 0x03c50000)
  from space 512K, 100% used [0x03cd0000, 0x03d50000, 0x03d50000)
  to   space 512K,   0% used [0x03c50000, 0x03c50000, 0x03cd0000)
 tenured generation   total 10944K, used 2467K [0x08d50000, 0x09800000, 0x13800000)
   the space 10944K,  22% used [0x08d50000, 0x08fb8e68, 0x08fb9000, 0x09800000)
 compacting perm gen  total 12288K, used 4709K [0x13800000, 0x14400000, 0x17800000)
   the space 12288K,  38% used [0x13800000, 0x13c99420, 0x13c99600, 0x14400000)
No shared spaces configured.
}

