# JRE version: Java(TM) SE Runtime Environment (7.0_71-b14) (build 1.7.0_71-b14)
# Java VM: Java HotSpot(TM) Client VM (24.71-b01 mixed mode windows-x86 )
Heap
 def new generation   total 4928K, used 1582K [0x03e00000, 0x04350000, 0x09350000)
  eden space 4416K,  24% used [0x03e00000, 0x03f0bb58, 0x04250000)
  from space 512K, 100% used [0x042d0000, 0x04350000, 0x04350000)
  to   space 512K,   0% used [0x04250000, 0x04250000, 0x042d0000)
 tenured generation   total 10944K, used 2467K [0x09350000, 0x09e00000, 0x13e00000)
   the space 10944K,  22% used [0x09350000, 0x095b8ca8, 0x095b8e00, 0x09e00000)
 compacting perm gen  total 12288K, used 4714K [0x13e00000, 0x14a00000, 0x17e00000)
   the space 12288K,  38% used [0x13e00000, 0x1429ab30, 0x1429ac00, 0x14a00000)
GC Heap History (6 events):
Event: 0.721 GC heap before
{Heap before GC invocations=0 (full 0):
 def new generation   total 4928K, used 4416K [0x03e00000, 0x04350000, 0x09350000)
  eden space 4416K, 100% used [0x03e00000, 0x04250000, 0x04250000)
  from space 512K,   0% used [0x04250000, 0x04250000, 0x042d0000)
  to   space 512K,   0% used [0x042d0000, 0x042d0000, 0x04350000)
 tenured generation   total 10944K, used 0K [0x09350000, 0x09e00000, 0x13e00000)
   the space 10944K,   0% used [0x09350000, 0x09350000, 0x09350200, 0x09e00000)
 compacting perm gen  total 12288K, used 2928K [0x13e00000, 0x14a00000, 0x17e00000)
   the space 12288K,  23% used [0x13e00000, 0x140dc340, 0x140dc400, 0x14a00000)
No shared spaces configured.
Event: 0.728 GC heap after
Heap after GC invocations=1 (full 0):
 def new generation   total 4928K, used 512K [0x03e00000, 0x04350000, 0x09350000)
  eden space 4416K,   0% used [0x03e00000, 0x03e00000, 0x04250000)
  from space 512K, 100% used [0x042d0000, 0x04350000, 0x04350000)
  to   space 512K,   0% used [0x04250000, 0x04250000, 0x042d0000)
 tenured generation   total 10944K, used 562K [0x09350000, 0x09e00000, 0x13e00000)
   the space 10944K,   5% used [0x09350000, 0x093dc840, 0x093dca00, 0x09e00000)
 compacting perm gen  total 12288K, used 2928K [0x13e00000, 0x14a00000, 0x17e00000)
   the space 12288K,  23% used [0x13e00000, 0x140dc340, 0x140dc400, 0x14a00000)
No shared spaces configured.
}
Event: 1.228 GC heap before
{Heap before GC invocations=1 (full 0):
 def new generation   total 4928K, used 4928K [0x03e00000, 0x04350000, 0x09350000)
  eden space 4416K, 100% used [0x03e00000, 0x04250000, 0x04250000)
  from space 512K, 100% used [0x042d0000, 0x04350000, 0x04350000)
  to   space 512K,   0% used [0x04250000, 0x04250000, 0x042d0000)
 tenured generation   total 10944K, used 562K [0x09350000, 0x09e00000, 0x13e00000)
   the space 10944K,   5% used [0x09350000, 0x093dc840, 0x093dca00, 0x09e00000)
 compacting perm gen  total 12288K, used 4212K [0x13e00000, 0x14a00000, 0x17e00000)
   the space 12288K,  34% used [0x13e00000, 0x1421d1b8, 0x1421d200, 0x14a00000)
No shared spaces configured.
Event: 1.240 GC heap after
Heap after GC invocations=2 (full 0):
 def new generation   total 4928K, used 512K [0x03e00000, 0x04350000, 0x09350000)
  eden space 4416K,   0% used [0x03e00000, 0x03e00000, 0x04250000)
  from space 512K, 100% used [0x04250000, 0x042d0000, 0x042d0000)
  to   space 512K,   0% used [0x042d0000, 0x042d0000, 0x04350000)
 tenured generation   total 10944K, used 1804K [0x09350000, 0x09e00000, 0x13e00000)
   the space 10944K,  16% used [0x09350000, 0x09513088, 0x09513200, 0x09e00000)
 compacting perm gen  total 12288K, used 4212K [0x13e00000, 0x14a00000, 0x17e00000)
   the space 12288K,  34% used [0x13e00000, 0x1421d1b8, 0x1421d200, 0x14a00000)
No shared spaces configured.
}
Event: 1.478 GC heap before
{Heap before GC invocations=2 (full 0):
 def new generation   total 4928K, used 4445K [0x03e00000, 0x04350000, 0x09350000)
  eden space 4416K,  89% used [0x03e00000, 0x041d75b0, 0x04250000)
  from space 512K, 100% used [0x04250000, 0x042d0000, 0x042d0000)
  to   space 512K,   0% used [0x042d0000, 0x042d0000, 0x04350000)
 tenured generation   total 10944K, used 1804K [0x09350000, 0x09e00000, 0x13e00000)
   the space 10944K,  16% used [0x09350000, 0x09513088, 0x09513200, 0x09e00000)
 compacting perm gen  total 12288K, used 4709K [0x13e00000, 0x14a00000, 0x17e00000)
   the space 12288K,  38% used [0x13e00000, 0x14299400, 0x14299400, 0x14a00000)
No shared spaces configured.
Event: 1.489 GC heap after
Heap after GC invocations=3 (full 0):
 def new generation   total 4928K, used 512K [0x03e00000, 0x04350000, 0x09350000)
  eden space 4416K,   0% used [0x03e00000, 0x03e00000, 0x04250000)
  from space 512K, 100% used [0x042d0000, 0x04350000, 0x04350000)
  to   space 512K,   0% used [0x04250000, 0x04250000, 0x042d0000)
 tenured generation   total 10944K, used 2467K [0x09350000, 0x09e00000, 0x13e00000)
   the space 10944K,  22% used [0x09350000, 0x095b8ca8, 0x095b8e00, 0x09e00000)
 compacting perm gen  total 12288K, used 4709K [0x13e00000, 0x14a00000, 0x17e00000)
   the space 12288K,  38% used [0x13e00000, 0x14299400, 0x14299400, 0x14a00000)
No shared spaces configured.
}

